TN:
SF:/home/juliosueiras/Documents/Winter2015Class/PROG20799/FinalProject/PROG20799FinalProject/src/main.c
FN:30,AppMain
FNDA:0,AppMain
FNF:1
FNH:0
DA:30,0
DA:31,0
DA:32,0
LF:3
LH:0
end_of_record
TN:
SF:/home/juliosueiras/Documents/Winter2015Class/PROG20799/FinalProject/PROG20799FinalProject/test/test_main.c
FN:27,setUp
FN:32,tearDown
FN:37,test_First_test_case
FNDA:1,setUp
FNDA:1,tearDown
FNDA:1,test_First_test_case
FNF:3
FNH:3
DA:27,1
DA:30,1
DA:32,1
DA:35,1
DA:37,1
DA:40,1
DA:42,1
LF:7
LH:7
end_of_record
