        -:    0:Source:build/test/runners/test_main_runner.c
        -:    0:Graph:test_main_runner.gcno
        -:    0:Data:test_main_runner.gcda
        -:    0:Runs:1
        -:    0:Programs:1
        -:    1:/*EOF*/
        -:    2:/*EOF*/
        -:    3:/*EOF*/
        -:    4:/*EOF*/
        -:    5:/*EOF*/
        -:    6:/*EOF*/
        -:    7:/*EOF*/
        -:    8:/*EOF*/
        -:    9:/*EOF*/
        -:   10:/*EOF*/
        -:   11:/*EOF*/
        -:   12:/*EOF*/
        -:   13:/*EOF*/
        -:   14:/*EOF*/
        -:   15:/*EOF*/
        -:   16:/*EOF*/
        -:   17:/*EOF*/
        -:   18:/*EOF*/
        -:   19:/*EOF*/
        -:   20:/*EOF*/
        -:   21:/*EOF*/
        -:   22:/*EOF*/
        -:   23:/*EOF*/
        -:   24:/*EOF*/
        -:   25:/*EOF*/
        -:   26:/*EOF*/
        -:   27:/*EOF*/
        -:   28:/*EOF*/
        -:   29:/*EOF*/
        -:   30:/*EOF*/
        -:   31:/*EOF*/
        -:   32:/*EOF*/
        -:   33:/*EOF*/
        -:   34:/*EOF*/
        -:   35:/*EOF*/
        -:   36:/*EOF*/
        -:   37:/*EOF*/
    #####:   38:/*EOF*/
        -:   39:/*EOF*/
    #####:   40:/*EOF*/
    #####:   41:/*EOF*/
    #####:   42:/*EOF*/
        -:   43:/*EOF*/
        -:   44:/*EOF*/
        -:   45:/*EOF*/
        1:   46:/*EOF*/
        -:   47:/*EOF*/
        1:   48:/*EOF*/
        1:   49:/*EOF*/
        -:   50:/*EOF*/
        1:   51:/*EOF*/
