TN:
SF:/home/juliosueiras/Documents/Winter2015Class/PROG20799/FinalProject/PROG20799FinalProject/build/test/runners/test_main_runner.c
FN:38,resetTest
FN:46,main
FNDA:0,resetTest
FNDA:1,main
FNF:2
FNH:1
DA:38,0
DA:40,0
DA:41,0
DA:42,0
DA:46,1
DA:48,1
DA:49,1
DA:51,1
LF:8
LH:4
end_of_record
TN:
SF:/home/juliosueiras/Documents/Winter2015Class/PROG20799/FinalProject/PROG20799FinalProject/src/main.c
FN:30,AppMain
FNDA:0,AppMain
FNF:1
FNH:0
DA:30,0
DA:31,0
DA:32,0
LF:3
LH:0
end_of_record
TN:
SF:/home/juliosueiras/Documents/Winter2015Class/PROG20799/FinalProject/PROG20799FinalProject/test/test_main.c
FN:27,setUp
FN:32,tearDown
FN:37,test_First_test_case
FNDA:1,tearDown
FNDA:1,setUp
FNDA:1,test_First_test_case
FNF:3
FNH:3
DA:27,1
DA:30,1
DA:32,1
DA:35,1
DA:37,1
DA:40,1
DA:42,1
LF:7
LH:7
end_of_record
TN:
SF:/home/juliosueiras/Documents/Winter2015Class/PROG20799/FinalProject/PROG20799FinalProject/vendor/ceedling/vendor/cmock/src/cmock.c
FN:25,CMock_Guts_MemNew
FN:58,CMock_Guts_MemChain
FN:102,CMock_Guts_MemNext
FN:124,CMock_Guts_MemEndOfChain
FN:142,CMock_Guts_GetAddressFor
FN:157,CMock_Guts_MemBytesFree
FN:165,CMock_Guts_MemBytesUsed
FN:173,CMock_Guts_MemFreeAll
FN:181,CMock_Guts_MemFreeFinal
FNDA:0,CMock_Guts_MemBytesFree
FNDA:0,CMock_Guts_MemChain
FNDA:0,CMock_Guts_MemBytesUsed
FNDA:0,CMock_Guts_MemEndOfChain
FNDA:0,CMock_Guts_MemNext
FNDA:0,CMock_Guts_MemNew
FNDA:0,CMock_Guts_MemFreeAll
FNDA:0,CMock_Guts_GetAddressFor
FNDA:0,CMock_Guts_MemFreeFinal
FNF:9
FNH:0
DA:25,0
DA:30,0
DA:31,0
DA:34,0
DA:35,0
DA:36,0
DA:37,0
DA:44,0
DA:48,0
DA:49,0
DA:50,0
DA:52,0
DA:58,0
DA:65,0
DA:68,0
DA:73,0
DA:75,0
DA:77,0
DA:79,0
DA:82,0
DA:83,0
DA:86,0
DA:88,0
DA:89,0
DA:90,0
DA:91,0
DA:92,0
DA:93,0
DA:94,0
DA:95,0
DA:102,0
DA:108,0
DA:109,0
DA:110,0
DA:114,0
DA:115,0
DA:116,0
DA:118,0
DA:124,0
DA:126,0
DA:129,0
DA:131,0
DA:133,0
DA:136,0
DA:142,0
DA:144,0
DA:146,0
DA:150,0
DA:157,0
DA:159,0
DA:165,0
DA:167,0
DA:173,0
DA:175,0
DA:176,0
DA:181,0
DA:183,0
DA:191,0
LF:58
LH:0
end_of_record
TN:
SF:/home/juliosueiras/Documents/Winter2015Class/PROG20799/FinalProject/PROG20799FinalProject/vendor/ceedling/vendor/unity/src/unity.c
FN:77,UnityPrint
FN:114,UnityPrintNumberByStyle
FN:132,UnityPrintNumber
FN:177,UnityPrintNumberUnsigned
FN:202,UnityPrintNumberHex
FN:224,UnityPrintMask
FN:263,UnityPrintFail
FN:268,UnityPrintOk
FN:274,UnityTestResultsBegin
FN:285,UnityTestResultsFailBegin
FN:293,UnityConcludeTest
FN:315,UnityAddMsgIfSpecified
FN:325,UnityPrintExpectedAndActualStrings
FN:355,UnityCheckArraysForNull
FN:387,UnityAssertBits
FN:408,UnityAssertEqualNumber
FN:429,UnityAssertEqualIntArray
FN:547,UnityAssertEqualFloatArray
FN:603,UnityAssertFloatsWithin
FN:641,UnityAssertFloatSpecial
FN:870,UnityAssertNumbersWithin
FN:909,UnityAssertEqualString
FN:948,UnityAssertEqualStringArray
FN:1008,UnityAssertEqualMemory
FN:1069,UnityFail
FN:1088,UnityIgnore
FN:1107,setUp
FN:1108,tearDown
FN:1119,UnityDefaultTestRun
FN:1137,UnityBegin
FN:1152,UnityEnd
FNDA:0,UnityAssertEqualMemory
FNDA:0,UnityAssertEqualStringArray
FNDA:1,UnityPrintOk
FNDA:0,UnityAssertFloatSpecial
FNDA:0,UnityPrintFail
FNDA:8,UnityPrint
FNDA:1,UnityEnd
FNDA:0,UnityAssertFloatsWithin
FNDA:0,UnityPrintNumberByStyle
FNDA:0,UnityIgnore
FNDA:0,UnityAddMsgIfSpecified
FNDA:0,tearDown
FNDA:0,UnityPrintExpectedAndActualStrings
FNDA:0,UnityPrintNumberHex
FNDA:1,UnityAssertEqualString
FNDA:0,UnityTestResultsFailBegin
FNDA:0,UnityFail
FNDA:1,UnityBegin
FNDA:0,UnityDefaultTestRun
FNDA:0,UnityAssertEqualIntArray
FNDA:1,UnityConcludeTest
FNDA:0,UnityCheckArraysForNull
FNDA:4,UnityPrintNumber
FNDA:0,UnityAssertEqualNumber
FNDA:0,UnityAssertNumbersWithin
FNDA:1,UnityTestResultsBegin
FNDA:0,UnityAssertEqualFloatArray
FNDA:0,setUp
FNDA:0,UnityAssertBits
FNDA:0,UnityPrintMask
FNDA:0,UnityPrintNumberUnsigned
FNF:31
FNH:8
DA:77,8
DA:79,8
DA:81,8
DA:83,102
DA:86,86
DA:88,86
DA:91,0
DA:93,0
DA:94,0
DA:97,0
DA:99,0
DA:100,0
DA:105,0
DA:106,0
DA:108,86
DA:111,8
DA:114,0
DA:116,0
DA:118,0
DA:120,0
DA:122,0
DA:126,0
DA:128,0
DA:132,4
DA:134,4
DA:138,4
DA:141,0
DA:142,0
DA:144,4
DA:147,0
DA:148,0
DA:153,4
DA:157,9
DA:159,1
DA:160,1
DA:161,1
DA:163,0
DA:169,5
DA:170,5
DA:172,5
DA:173,4
DA:177,0
DA:179,0
DA:183,0
DA:185,0
DA:186,0
DA:187,0
DA:189,0
DA:195,0
DA:196,0
DA:198,0
DA:199,0
DA:202,0
DA:205,0
DA:206,0
DA:207,0
DA:209,0
DA:211,0
DA:212,0
DA:214,0
DA:218,0
DA:221,0
DA:224,0
DA:226,0
DA:229,0
DA:231,0
DA:233,0
DA:235,0
DA:239,0
DA:244,0
DA:246,0
DA:248,0
DA:263,0
DA:265,0
DA:266,0
DA:268,1
DA:270,1
DA:271,1
DA:274,1
DA:276,1
DA:277,1
DA:278,1
DA:279,1
DA:280,1
DA:281,1
DA:282,1
DA:285,0
DA:287,0
DA:288,0
DA:289,0
DA:290,0
DA:293,1
DA:295,1
DA:297,0
DA:299,1
DA:301,1
DA:302,1
DA:306,0
DA:309,1
DA:310,1
DA:311,1
DA:312,1
DA:315,0
DA:317,0
DA:319,0
DA:320,0
DA:322,0
DA:325,0
DA:327,0
DA:328,0
DA:330,0
DA:331,0
DA:332,0
DA:336,0
DA:338,0
DA:339,0
DA:341,0
DA:342,0
DA:343,0
DA:347,0
DA:349,0
DA:355,0
DA:358,0
DA:359,0
DA:362,0
DA:364,0
DA:365,0
DA:366,0
DA:367,0
DA:371,0
DA:373,0
DA:374,0
DA:375,0
DA:376,0
DA:380,0
DA:387,0
DA:393,0
DA:395,0
DA:397,0
DA:398,0
DA:399,0
DA:400,0
DA:401,0
DA:402,0
DA:403,0
DA:408,0
DA:414,0
DA:416,0
DA:418,0
DA:419,0
DA:420,0
DA:421,0
DA:422,0
DA:423,0
DA:424,0
DA:429,0
DA:436,0
DA:437,0
DA:438,0
DA:440,0
DA:442,0
DA:444,0
DA:445,0
DA:446,0
DA:447,0
DA:450,0
DA:451,0
DA:456,0
DA:461,0
DA:463,0
DA:465,0
DA:466,0
DA:467,0
DA:468,0
DA:469,0
DA:470,0
DA:471,0
DA:472,0
DA:473,0
DA:475,0
DA:476,0
DA:478,0
DA:482,0
DA:484,0
DA:486,0
DA:487,0
DA:488,0
DA:489,0
DA:490,0
DA:491,0
DA:492,0
DA:493,0
DA:494,0
DA:496,0
DA:497,0
DA:499,0
DA:504,0
DA:506,0
DA:508,0
DA:509,0
DA:510,0
DA:511,0
DA:512,0
DA:513,0
DA:514,0
DA:515,0
DA:516,0
DA:518,0
DA:519,0
DA:521,0
DA:524,0
DA:526,0
DA:528,0
DA:529,0
DA:530,0
DA:531,0
DA:532,0
DA:533,0
DA:534,0
DA:535,0
DA:536,0
DA:538,0
DA:539,0
DA:541,0
DA:547,0
DA:553,0
DA:554,0
DA:555,0
DA:558,0
DA:560,0
DA:562,0
DA:563,0
DA:564,0
DA:565,0
DA:568,0
DA:569,0
DA:571,0
DA:573,0
DA:574,0
DA:575,0
DA:576,0
DA:577,0
DA:578,0
DA:581,0
DA:583,0
DA:584,0
DA:585,0
DA:592,0
DA:594,0
DA:595,0
DA:597,0
DA:598,0
DA:603,0
DA:609,0
DA:610,0
DA:612,0
DA:614,0
DA:616,0
DA:618,0
DA:620,0
DA:624,0
DA:626,0
DA:633,0
DA:635,0
DA:636,0
DA:641,0
DA:646,0
DA:647,0
DA:648,0
DA:649,0
DA:651,0
DA:653,0
DA:659,0
DA:660,0
DA:663,0
DA:664,0
DA:669,0
DA:670,0
DA:675,0
DA:676,0
DA:678,0
DA:679,0
DA:684,0
DA:686,0
DA:687,0
DA:688,0
DA:689,0
DA:690,0
DA:691,0
DA:695,0
DA:696,0
DA:697,0
DA:699,0
DA:700,0
DA:870,0
DA:877,0
DA:879,0
DA:881,0
DA:882,0
DA:884,0
DA:888,0
DA:889,0
DA:891,0
DA:894,0
DA:896,0
DA:897,0
DA:898,0
DA:899,0
DA:900,0
DA:901,0
DA:902,0
DA:903,0
DA:904,0
DA:909,1
DA:916,2
DA:919,2
DA:921,13
DA:923,12
DA:925,0
DA:926,0
DA:932,0
DA:934,0
DA:938,1
DA:940,0
DA:941,0
DA:942,0
DA:943,0
DA:948,0
DA:954,0
DA:956,0
DA:959,0
DA:961,0
DA:962,0
DA:963,0
DA:964,0
DA:967,0
DA:968,0
DA:973,0
DA:975,0
DA:977,0
DA:979,0
DA:980,0
DA:986,0
DA:988,0
DA:992,0
DA:994,0
DA:995,0
DA:997,0
DA:998,0
DA:1000,0
DA:1001,0
DA:1002,0
DA:1004,0
DA:1008,0
DA:1015,0
DA:1016,0
DA:1017,0
DA:1020,0
DA:1022,0
DA:1024,0
DA:1025,0
DA:1026,0
DA:1027,0
DA:1030,0
DA:1031,0
DA:1033,0
DA:1036,0
DA:1037,0
DA:1039,0
DA:1041,0
DA:1042,0
DA:1043,0
DA:1045,0
DA:1046,0
DA:1048,0
DA:1049,0
DA:1050,0
DA:1051,0
DA:1052,0
DA:1053,0
DA:1054,0
DA:1055,0
DA:1057,0
DA:1058,0
DA:1069,0
DA:1071,0
DA:1073,0
DA:1074,0
DA:1075,0
DA:1077,0
DA:1078,0
DA:1080,0
DA:1082,0
DA:1084,0
DA:1088,0
DA:1090,0
DA:1092,0
DA:1093,0
DA:1094,0
DA:1096,0
DA:1097,0
DA:1098,0
DA:1100,0
DA:1107,0
DA:1108,0
DA:1119,0
DA:1121,0
DA:1122,0
DA:1123,0
DA:1124,0
DA:1126,0
DA:1127,0
DA:1129,0
DA:1131,0
DA:1133,0
DA:1134,0
DA:1137,1
DA:1139,1
DA:1140,1
DA:1141,1
DA:1142,1
DA:1143,1
DA:1144,1
DA:1145,1
DA:1146,1
DA:1149,1
DA:1152,1
DA:1154,1
DA:1155,1
DA:1156,1
DA:1157,1
DA:1158,1
DA:1159,1
DA:1160,1
DA:1161,1
DA:1162,1
DA:1163,1
DA:1164,1
DA:1166,1
DA:1170,0
DA:1172,1
DA:1174,1
LF:442
LH:72
end_of_record
